  AABB.cpp
  Animation.cpp
  Audio.cpp
  AudioManager.cpp
  Background.cpp
  EndState.cpp
  Game.cpp
  GameObject.cpp
  GameState.cpp
  InputManager.cpp
  Main.cpp
  MainMenu.cpp
  MenuState.cpp
  Orc.cpp
  Player.cpp
  PlayState.cpp
C:\Users\Alessandro_Cinque\Desktop\Univeristy\Networking\Game\Net_Game\Client\Handmade\PlayState.cpp(134): warning C4101: 'key': unreferenced local variable
  ScreenManager.cpp
  SFX.cpp
  Sphere.cpp
  Sprite.cpp
  Compiling...
  String.cpp
C:\Users\Alessandro_Cinque\Desktop\Univeristy\Networking\Game\Net_Game\Client\Handmade\String.cpp(202): warning C4018: '>=': signed/unsigned mismatch
C:\Users\Alessandro_Cinque\Desktop\Univeristy\Networking\Game\Net_Game\Client\Handmade\String.cpp(257): warning C4018: '<=': signed/unsigned mismatch
C:\Users\Alessandro_Cinque\Desktop\Univeristy\Networking\Game\Net_Game\Client\Handmade\String.cpp(288): warning C4101: 'j': unreferenced local variable
C:\Users\Alessandro_Cinque\Desktop\Univeristy\Networking\Game\Net_Game\Client\Handmade\String.cpp(288): warning C4101: 'i': unreferenced local variable
C:\Users\Alessandro_Cinque\Desktop\Univeristy\Networking\Game\Net_Game\Client\Handmade\String.cpp(333): warning C4018: '<=': signed/unsigned mismatch
  TCPClient.cpp
  TCPSocket.cpp
  Text.cpp
  TextureManager.cpp
  Generating code
  Previous IPDB not found, fall back to full compilation.
  All 989 functions were compiled because no usable IPDB/IOBJ from previous compilation was found.
  Finished generating code
  Handmade.vcxproj -> C:\Users\Alessandro_Cinque\Desktop\Univeristy\Networking\Game\Net_Game\Client\Release\Handmade.exe
